-------------------------------------------------------------------------------
Test set: com.portfolio.mgb.MgbApplicationTests
-------------------------------------------------------------------------------
Tests run: 1, Failures: 0, Errors: 1, Skipped: 0, Time elapsed: 14.632 s <<< FAILURE! - in com.portfolio.mgb.MgbApplicationTests
contextLoads  Time elapsed: 0.004 s  <<< ERROR!
java.lang.IllegalStateException: Failed to load ApplicationContext for [WebMergedContextConfiguration@6a95c2f6 testClass = com.portfolio.mgb.MgbApplicationTests, locations = [], classes = [com.portfolio.mgb.MgbApplication], contextInitializerClasses = [], activeProfiles = [], propertySourceLocations = [], propertySourceProperties = ["org.springframework.boot.test.context.SpringBootTestContextBootstrapper=true"], contextCustomizers = [org.springframework.boot.test.context.filter.ExcludeFilterContextCustomizer@5a45133e, org.springframework.boot.test.json.DuplicateJsonObjectContextCustomizerFactory$DuplicateJsonObjectContextCustomizer@130c12b7, org.springframework.boot.test.mock.mockito.MockitoContextCustomizer@0, org.springframework.boot.test.web.client.TestRestTemplateContextCustomizer@f09733f, org.springframework.boot.test.autoconfigure.actuate.observability.ObservabilityContextCustomizerFactory$DisableObservabilityContextCustomizer@9da1, org.springframework.boot.test.autoconfigure.properties.PropertyMappingContextCustomizer@0, org.springframework.boot.test.autoconfigure.web.servlet.WebDriverContextCustomizerFactory$Customizer@2e8c1c9b, org.springframework.boot.test.context.SpringBootTestAnnotation@dcacebd4], resourceBasePath = "src/main/webapp", contextLoader = org.springframework.boot.test.context.SpringBootContextLoader, parent = null]
Caused by: org.springframework.beans.factory.UnsatisfiedDependencyException: Error creating bean with name 'authController': Unsatisfied dependency expressed through field 'authenticationManager': Error creating bean with name 'authenticationManager' defined in class path resource [com/portfolio/mgb/security/MainSecurity.class]: Failed to instantiate [org.springframework.security.authentication.AuthenticationManager]: Factory method 'authenticationManager' threw exception with message: Error creating bean with name 'userDetailImpl': Unsatisfied dependency expressed through field 'usuarioService': Error creating bean with name 'usuarioService': Unsatisfied dependency expressed through field 'iusuarioRepository': Error creating bean with name 'iUsuarioRepository' defined in com.portfolio.mgb.security.Repository.iUsuarioRepository defined in @EnableJpaRepositories declared on JpaRepositoriesRegistrar.EnableJpaRepositoriesConfiguration: Could not create query for public abstract java.util.Optional com.portfolio.mgb.security.Repository.iUsuarioRepository.finByNombreUsuario(java.lang.String); Reason: Failed to create query for method public abstract java.util.Optional com.portfolio.mgb.security.Repository.iUsuarioRepository.finByNombreUsuario(java.lang.String); No property 'finByNombreUsuario' found for type 'Usuario'
Caused by: org.springframework.beans.factory.BeanCreationException: Error creating bean with name 'authenticationManager' defined in class path resource [com/portfolio/mgb/security/MainSecurity.class]: Failed to instantiate [org.springframework.security.authentication.AuthenticationManager]: Factory method 'authenticationManager' threw exception with message: Error creating bean with name 'userDetailImpl': Unsatisfied dependency expressed through field 'usuarioService': Error creating bean with name 'usuarioService': Unsatisfied dependency expressed through field 'iusuarioRepository': Error creating bean with name 'iUsuarioRepository' defined in com.portfolio.mgb.security.Repository.iUsuarioRepository defined in @EnableJpaRepositories declared on JpaRepositoriesRegistrar.EnableJpaRepositoriesConfiguration: Could not create query for public abstract java.util.Optional com.portfolio.mgb.security.Repository.iUsuarioRepository.finByNombreUsuario(java.lang.String); Reason: Failed to create query for method public abstract java.util.Optional com.portfolio.mgb.security.Repository.iUsuarioRepository.finByNombreUsuario(java.lang.String); No property 'finByNombreUsuario' found for type 'Usuario'
Caused by: org.springframework.beans.BeanInstantiationException: Failed to instantiate [org.springframework.security.authentication.AuthenticationManager]: Factory method 'authenticationManager' threw exception with message: Error creating bean with name 'userDetailImpl': Unsatisfied dependency expressed through field 'usuarioService': Error creating bean with name 'usuarioService': Unsatisfied dependency expressed through field 'iusuarioRepository': Error creating bean with name 'iUsuarioRepository' defined in com.portfolio.mgb.security.Repository.iUsuarioRepository defined in @EnableJpaRepositories declared on JpaRepositoriesRegistrar.EnableJpaRepositoriesConfiguration: Could not create query for public abstract java.util.Optional com.portfolio.mgb.security.Repository.iUsuarioRepository.finByNombreUsuario(java.lang.String); Reason: Failed to create query for method public abstract java.util.Optional com.portfolio.mgb.security.Repository.iUsuarioRepository.finByNombreUsuario(java.lang.String); No property 'finByNombreUsuario' found for type 'Usuario'
Caused by: org.springframework.beans.factory.UnsatisfiedDependencyException: Error creating bean with name 'userDetailImpl': Unsatisfied dependency expressed through field 'usuarioService': Error creating bean with name 'usuarioService': Unsatisfied dependency expressed through field 'iusuarioRepository': Error creating bean with name 'iUsuarioRepository' defined in com.portfolio.mgb.security.Repository.iUsuarioRepository defined in @EnableJpaRepositories declared on JpaRepositoriesRegistrar.EnableJpaRepositoriesConfiguration: Could not create query for public abstract java.util.Optional com.portfolio.mgb.security.Repository.iUsuarioRepository.finByNombreUsuario(java.lang.String); Reason: Failed to create query for method public abstract java.util.Optional com.portfolio.mgb.security.Repository.iUsuarioRepository.finByNombreUsuario(java.lang.String); No property 'finByNombreUsuario' found for type 'Usuario'
Caused by: org.springframework.beans.factory.UnsatisfiedDependencyException: Error creating bean with name 'usuarioService': Unsatisfied dependency expressed through field 'iusuarioRepository': Error creating bean with name 'iUsuarioRepository' defined in com.portfolio.mgb.security.Repository.iUsuarioRepository defined in @EnableJpaRepositories declared on JpaRepositoriesRegistrar.EnableJpaRepositoriesConfiguration: Could not create query for public abstract java.util.Optional com.portfolio.mgb.security.Repository.iUsuarioRepository.finByNombreUsuario(java.lang.String); Reason: Failed to create query for method public abstract java.util.Optional com.portfolio.mgb.security.Repository.iUsuarioRepository.finByNombreUsuario(java.lang.String); No property 'finByNombreUsuario' found for type 'Usuario'
Caused by: org.springframework.beans.factory.BeanCreationException: Error creating bean with name 'iUsuarioRepository' defined in com.portfolio.mgb.security.Repository.iUsuarioRepository defined in @EnableJpaRepositories declared on JpaRepositoriesRegistrar.EnableJpaRepositoriesConfiguration: Could not create query for public abstract java.util.Optional com.portfolio.mgb.security.Repository.iUsuarioRepository.finByNombreUsuario(java.lang.String); Reason: Failed to create query for method public abstract java.util.Optional com.portfolio.mgb.security.Repository.iUsuarioRepository.finByNombreUsuario(java.lang.String); No property 'finByNombreUsuario' found for type 'Usuario'
Caused by: org.springframework.data.repository.query.QueryCreationException: Could not create query for public abstract java.util.Optional com.portfolio.mgb.security.Repository.iUsuarioRepository.finByNombreUsuario(java.lang.String); Reason: Failed to create query for method public abstract java.util.Optional com.portfolio.mgb.security.Repository.iUsuarioRepository.finByNombreUsuario(java.lang.String); No property 'finByNombreUsuario' found for type 'Usuario'
Caused by: java.lang.IllegalArgumentException: Failed to create query for method public abstract java.util.Optional com.portfolio.mgb.security.Repository.iUsuarioRepository.finByNombreUsuario(java.lang.String); No property 'finByNombreUsuario' found for type 'Usuario'
Caused by: org.springframework.data.mapping.PropertyReferenceException: No property 'finByNombreUsuario' found for type 'Usuario'

